{
  "/Users/saheedajibulu/Documents/disposable/dist/tests/server.spec.js": {
    "path": "/Users/saheedajibulu/Documents/disposable/dist/tests/server.spec.js",
    "statementMap": {
      "0": {
        "start": {
          "line": 1,
          "column": 0
        },
        "end": {
          "line": 1,
          "column": 7963
        }
      },
      "1": {
        "start": {
          "line": 1,
          "column": 19
        },
        "end": {
          "line": 1,
          "column": 21
        }
      },
      "2": {
        "start": {
          "line": 1,
          "column": 36
        },
        "end": {
          "line": 1,
          "column": 64
        }
      },
      "3": {
        "start": {
          "line": 1,
          "column": 44
        },
        "end": {
          "line": 1,
          "column": 64
        }
      },
      "4": {
        "start": {
          "line": 1,
          "column": 70
        },
        "end": {
          "line": 1,
          "column": 96
        }
      },
      "5": {
        "start": {
          "line": 1,
          "column": 97
        },
        "end": {
          "line": 1,
          "column": 155
        }
      },
      "6": {
        "start": {
          "line": 1,
          "column": 156
        },
        "end": {
          "line": 1,
          "column": 909
        }
      },
      "7": {
        "start": {
          "line": 1,
          "column": 188
        },
        "end": {
          "line": 1,
          "column": 246
        }
      },
      "8": {
        "start": {
          "line": 1,
          "column": 264
        },
        "end": {
          "line": 1,
          "column": 421
        }
      },
      "9": {
        "start": {
          "line": 1,
          "column": 441
        },
        "end": {
          "line": 1,
          "column": 471
        }
      },
      "10": {
        "start": {
          "line": 1,
          "column": 462
        },
        "end": {
          "line": 1,
          "column": 471
        }
      },
      "11": {
        "start": {
          "line": 1,
          "column": 471
        },
        "end": {
          "line": 1,
          "column": 524
        }
      },
      "12": {
        "start": {
          "line": 1,
          "column": 515
        },
        "end": {
          "line": 1,
          "column": 524
        }
      },
      "13": {
        "start": {
          "line": 1,
          "column": 530
        },
        "end": {
          "line": 1,
          "column": 549
        }
      },
      "14": {
        "start": {
          "line": 1,
          "column": 550
        },
        "end": {
          "line": 1,
          "column": 705
        }
      },
      "15": {
        "start": {
          "line": 1,
          "column": 643
        },
        "end": {
          "line": 1,
          "column": 705
        }
      },
      "16": {
        "start": {
          "line": 1,
          "column": 658
        },
        "end": {
          "line": 1,
          "column": 705
        }
      },
      "17": {
        "start": {
          "line": 1,
          "column": 678
        },
        "end": {
          "line": 1,
          "column": 689
        }
      },
      "18": {
        "start": {
          "line": 1,
          "column": 705
        },
        "end": {
          "line": 1,
          "column": 713
        }
      },
      "19": {
        "start": {
          "line": 1,
          "column": 737
        },
        "end": {
          "line": 1,
          "column": 802
        }
      },
      "20": {
        "start": {
          "line": 1,
          "column": 764
        },
        "end": {
          "line": 1,
          "column": 780
        }
      },
      "21": {
        "start": {
          "line": 1,
          "column": 793
        },
        "end": {
          "line": 1,
          "column": 801
        }
      },
      "22": {
        "start": {
          "line": 1,
          "column": 803
        },
        "end": {
          "line": 1,
          "column": 824
        }
      },
      "23": {
        "start": {
          "line": 1,
          "column": 844
        },
        "end": {
          "line": 1,
          "column": 892
        }
      },
      "24": {
        "start": {
          "line": 1,
          "column": 926
        },
        "end": {
          "line": 1,
          "column": 951
        }
      },
      "25": {
        "start": {
          "line": 1,
          "column": 967
        },
        "end": {
          "line": 1,
          "column": 995
        }
      },
      "26": {
        "start": {
          "line": 1,
          "column": 1011
        },
        "end": {
          "line": 1,
          "column": 1041
        }
      },
      "27": {
        "start": {
          "line": 1,
          "column": 1057
        },
        "end": {
          "line": 1,
          "column": 1094
        }
      },
      "28": {
        "start": {
          "line": 1,
          "column": 1125
        },
        "end": {
          "line": 1,
          "column": 1132
        }
      },
      "29": {
        "start": {
          "line": 1,
          "column": 1160
        },
        "end": {
          "line": 1,
          "column": 1164
        }
      },
      "30": {
        "start": {
          "line": 1,
          "column": 1167
        },
        "end": {
          "line": 1,
          "column": 1171
        }
      },
      "31": {
        "start": {
          "line": 1,
          "column": 1174
        },
        "end": {
          "line": 1,
          "column": 1180
        }
      },
      "32": {
        "start": {
          "line": 1,
          "column": 1183
        },
        "end": {
          "line": 1,
          "column": 1187
        }
      },
      "33": {
        "start": {
          "line": 1,
          "column": 1190
        },
        "end": {
          "line": 1,
          "column": 1196
        }
      },
      "34": {
        "start": {
          "line": 1,
          "column": 1199
        },
        "end": {
          "line": 1,
          "column": 1203
        }
      },
      "35": {
        "start": {
          "line": 1,
          "column": 1206
        },
        "end": {
          "line": 1,
          "column": 1212
        }
      },
      "36": {
        "start": {
          "line": 1,
          "column": 1213
        },
        "end": {
          "line": 1,
          "column": 3939
        }
      },
      "37": {
        "start": {
          "line": 1,
          "column": 1226
        },
        "end": {
          "line": 1,
          "column": 1301
        }
      },
      "38": {
        "start": {
          "line": 1,
          "column": 1326
        },
        "end": {
          "line": 1,
          "column": 2459
        }
      },
      "39": {
        "start": {
          "line": 1,
          "column": 2484
        },
        "end": {
          "line": 1,
          "column": 2539
        }
      },
      "40": {
        "start": {
          "line": 1,
          "column": 2564
        },
        "end": {
          "line": 1,
          "column": 3119
        }
      },
      "41": {
        "start": {
          "line": 1,
          "column": 3144
        },
        "end": {
          "line": 1,
          "column": 3399
        }
      },
      "42": {
        "start": {
          "line": 1,
          "column": 3424
        },
        "end": {
          "line": 1,
          "column": 3459
        }
      },
      "43": {
        "start": {
          "line": 1,
          "column": 3484
        },
        "end": {
          "line": 1,
          "column": 3499
        }
      },
      "44": {
        "start": {
          "line": 1,
          "column": 3524
        },
        "end": {
          "line": 1,
          "column": 3683
        }
      },
      "45": {
        "start": {
          "line": 1,
          "column": 3708
        },
        "end": {
          "line": 1,
          "column": 3752
        }
      },
      "46": {
        "start": {
          "line": 1,
          "column": 3777
        },
        "end": {
          "line": 1,
          "column": 3846
        }
      },
      "47": {
        "start": {
          "line": 1,
          "column": 3871
        },
        "end": {
          "line": 1,
          "column": 3926
        }
      },
      "48": {
        "start": {
          "line": 1,
          "column": 3964
        },
        "end": {
          "line": 1,
          "column": 3984
        }
      },
      "49": {
        "start": {
          "line": 1,
          "column": 4001
        },
        "end": {
          "line": 1,
          "column": 4042
        }
      },
      "50": {
        "start": {
          "line": 1,
          "column": 4062
        },
        "end": {
          "line": 1,
          "column": 4076
        }
      },
      "51": {
        "start": {
          "line": 1,
          "column": 4079
        },
        "end": {
          "line": 1,
          "column": 4093
        }
      },
      "52": {
        "start": {
          "line": 1,
          "column": 4094
        },
        "end": {
          "line": 1,
          "column": 4179
        }
      },
      "53": {
        "start": {
          "line": 1,
          "column": 4122
        },
        "end": {
          "line": 1,
          "column": 4177
        }
      },
      "54": {
        "start": {
          "line": 1,
          "column": 4197
        },
        "end": {
          "line": 1,
          "column": 4215
        }
      },
      "55": {
        "start": {
          "line": 1,
          "column": 4231
        },
        "end": {
          "line": 1,
          "column": 4245
        }
      },
      "56": {
        "start": {
          "line": 1,
          "column": 4270
        },
        "end": {
          "line": 1,
          "column": 4284
        }
      },
      "57": {
        "start": {
          "line": 1,
          "column": 4295
        },
        "end": {
          "line": 1,
          "column": 4346
        }
      },
      "58": {
        "start": {
          "line": 1,
          "column": 4317
        },
        "end": {
          "line": 1,
          "column": 4345
        }
      },
      "59": {
        "start": {
          "line": 1,
          "column": 4371
        },
        "end": {
          "line": 1,
          "column": 4385
        }
      },
      "60": {
        "start": {
          "line": 1,
          "column": 4396
        },
        "end": {
          "line": 1,
          "column": 5031
        }
      },
      "61": {
        "start": {
          "line": 1,
          "column": 4426
        },
        "end": {
          "line": 1,
          "column": 4462
        }
      },
      "62": {
        "start": {
          "line": 1,
          "column": 4486
        },
        "end": {
          "line": 1,
          "column": 4514
        }
      },
      "63": {
        "start": {
          "line": 1,
          "column": 4536
        },
        "end": {
          "line": 1,
          "column": 4570
        }
      },
      "64": {
        "start": {
          "line": 1,
          "column": 4594
        },
        "end": {
          "line": 1,
          "column": 4622
        }
      },
      "65": {
        "start": {
          "line": 1,
          "column": 4654
        },
        "end": {
          "line": 1,
          "column": 4685
        }
      },
      "66": {
        "start": {
          "line": 1,
          "column": 4719
        },
        "end": {
          "line": 1,
          "column": 4756
        }
      },
      "67": {
        "start": {
          "line": 1,
          "column": 4790
        },
        "end": {
          "line": 1,
          "column": 4827
        }
      },
      "68": {
        "start": {
          "line": 1,
          "column": 4858
        },
        "end": {
          "line": 1,
          "column": 4892
        }
      },
      "69": {
        "start": {
          "line": 1,
          "column": 4926
        },
        "end": {
          "line": 1,
          "column": 4963
        }
      },
      "70": {
        "start": {
          "line": 1,
          "column": 4987
        },
        "end": {
          "line": 1,
          "column": 5029
        }
      },
      "71": {
        "start": {
          "line": 1,
          "column": 5241
        },
        "end": {
          "line": 1,
          "column": 7959
        }
      },
      "72": {
        "start": {
          "line": 1,
          "column": 5274
        },
        "end": {
          "line": 1,
          "column": 7957
        }
      },
      "73": {
        "start": {
          "line": 1,
          "column": 5307
        },
        "end": {
          "line": 1,
          "column": 5312
        }
      },
      "74": {
        "start": {
          "line": 1,
          "column": 5315
        },
        "end": {
          "line": 1,
          "column": 5320
        }
      },
      "75": {
        "start": {
          "line": 1,
          "column": 5323
        },
        "end": {
          "line": 1,
          "column": 5331
        }
      },
      "76": {
        "start": {
          "line": 1,
          "column": 5334
        },
        "end": {
          "line": 1,
          "column": 5342
        }
      },
      "77": {
        "start": {
          "line": 1,
          "column": 5349
        },
        "end": {
          "line": 1,
          "column": 7955
        }
      },
      "78": {
        "start": {
          "line": 1,
          "column": 5371
        },
        "end": {
          "line": 1,
          "column": 5376
        }
      },
      "79": {
        "start": {
          "line": 1,
          "column": 5379
        },
        "end": {
          "line": 1,
          "column": 5404
        }
      },
      "80": {
        "start": {
          "line": 1,
          "column": 5407
        },
        "end": {
          "line": 1,
          "column": 5428
        }
      },
      "81": {
        "start": {
          "line": 1,
          "column": 5429
        },
        "end": {
          "line": 1,
          "column": 5551
        }
      },
      "82": {
        "start": {
          "line": 1,
          "column": 5499
        },
        "end": {
          "line": 1,
          "column": 5548
        }
      },
      "83": {
        "start": {
          "line": 1,
          "column": 5559
        },
        "end": {
          "line": 1,
          "column": 5582
        }
      },
      "84": {
        "start": {
          "line": 1,
          "column": 5583
        },
        "end": {
          "line": 1,
          "column": 5595
        }
      },
      "85": {
        "start": {
          "line": 1,
          "column": 5660
        },
        "end": {
          "line": 1,
          "column": 5870
        }
      },
      "86": {
        "start": {
          "line": 1,
          "column": 5736
        },
        "end": {
          "line": 1,
          "column": 5864
        }
      },
      "87": {
        "start": {
          "line": 1,
          "column": 5905
        },
        "end": {
          "line": 1,
          "column": 6042
        }
      },
      "88": {
        "start": {
          "line": 1,
          "column": 5987
        },
        "end": {
          "line": 1,
          "column": 6036
        }
      },
      "89": {
        "start": {
          "line": 1,
          "column": 6091
        },
        "end": {
          "line": 1,
          "column": 6210
        }
      },
      "90": {
        "start": {
          "line": 1,
          "column": 6155
        },
        "end": {
          "line": 1,
          "column": 6204
        }
      },
      "91": {
        "start": {
          "line": 1,
          "column": 6278
        },
        "end": {
          "line": 1,
          "column": 6291
        }
      },
      "92": {
        "start": {
          "line": 1,
          "column": 6292
        },
        "end": {
          "line": 1,
          "column": 6427
        }
      },
      "93": {
        "start": {
          "line": 1,
          "column": 6354
        },
        "end": {
          "line": 1,
          "column": 6421
        }
      },
      "94": {
        "start": {
          "line": 1,
          "column": 6496
        },
        "end": {
          "line": 1,
          "column": 6521
        }
      },
      "95": {
        "start": {
          "line": 1,
          "column": 6529
        },
        "end": {
          "line": 1,
          "column": 6531
        }
      },
      "96": {
        "start": {
          "line": 1,
          "column": 6532
        },
        "end": {
          "line": 1,
          "column": 6699
        }
      },
      "97": {
        "start": {
          "line": 1,
          "column": 6580
        },
        "end": {
          "line": 1,
          "column": 6693
        }
      },
      "98": {
        "start": {
          "line": 1,
          "column": 6773
        },
        "end": {
          "line": 1,
          "column": 6804
        }
      },
      "99": {
        "start": {
          "line": 1,
          "column": 6804
        },
        "end": {
          "line": 1,
          "column": 6991
        }
      },
      "100": {
        "start": {
          "line": 1,
          "column": 6857
        },
        "end": {
          "line": 1,
          "column": 6985
        }
      },
      "101": {
        "start": {
          "line": 1,
          "column": 7065
        },
        "end": {
          "line": 1,
          "column": 7096
        }
      },
      "102": {
        "start": {
          "line": 1,
          "column": 7104
        },
        "end": {
          "line": 1,
          "column": 7120
        }
      },
      "103": {
        "start": {
          "line": 1,
          "column": 7121
        },
        "end": {
          "line": 1,
          "column": 7346
        }
      },
      "104": {
        "start": {
          "line": 1,
          "column": 7171
        },
        "end": {
          "line": 1,
          "column": 7340
        }
      },
      "105": {
        "start": {
          "line": 1,
          "column": 7395
        },
        "end": {
          "line": 1,
          "column": 7523
        }
      },
      "106": {
        "start": {
          "line": 1,
          "column": 7468
        },
        "end": {
          "line": 1,
          "column": 7517
        }
      },
      "107": {
        "start": {
          "line": 1,
          "column": 7575
        },
        "end": {
          "line": 1,
          "column": 7712
        }
      },
      "108": {
        "start": {
          "line": 1,
          "column": 7654
        },
        "end": {
          "line": 1,
          "column": 7706
        }
      },
      "109": {
        "start": {
          "line": 1,
          "column": 7779
        },
        "end": {
          "line": 1,
          "column": 7817
        }
      },
      "110": {
        "start": {
          "line": 1,
          "column": 7818
        },
        "end": {
          "line": 1,
          "column": 7953
        }
      },
      "111": {
        "start": {
          "line": 1,
          "column": 7880
        },
        "end": {
          "line": 1,
          "column": 7947
        }
      }
    },
    "fnMap": {
      "0": {
        "name": "(anonymous_0)",
        "decl": {
          "start": {
            "line": 1,
            "column": 1
          },
          "end": {
            "line": 1,
            "column": 2
          }
        },
        "loc": {
          "start": {
            "line": 1,
            "column": 12
          },
          "end": {
            "line": 1,
            "column": 910
          }
        },
        "line": 1
      },
      "1": {
        "name": "n",
        "decl": {
          "start": {
            "line": 1,
            "column": 31
          },
          "end": {
            "line": 1,
            "column": 32
          }
        },
        "loc": {
          "start": {
            "line": 1,
            "column": 35
          },
          "end": {
            "line": 1,
            "column": 156
          }
        },
        "line": 1
      },
      "2": {
        "name": "(anonymous_2)",
        "decl": {
          "start": {
            "line": 1,
            "column": 172
          },
          "end": {
            "line": 1,
            "column": 173
          }
        },
        "loc": {
          "start": {
            "line": 1,
            "column": 187
          },
          "end": {
            "line": 1,
            "column": 247
          }
        },
        "line": 1
      },
      "3": {
        "name": "(anonymous_3)",
        "decl": {
          "start": {
            "line": 1,
            "column": 252
          },
          "end": {
            "line": 1,
            "column": 253
          }
        },
        "loc": {
          "start": {
            "line": 1,
            "column": 263
          },
          "end": {
            "line": 1,
            "column": 422
          }
        },
        "line": 1
      },
      "4": {
        "name": "(anonymous_4)",
        "decl": {
          "start": {
            "line": 1,
            "column": 427
          },
          "end": {
            "line": 1,
            "column": 428
          }
        },
        "loc": {
          "start": {
            "line": 1,
            "column": 440
          },
          "end": {
            "line": 1,
            "column": 714
          }
        },
        "line": 1
      },
      "5": {
        "name": "(anonymous_5)",
        "decl": {
          "start": {
            "line": 1,
            "column": 666
          },
          "end": {
            "line": 1,
            "column": 667
          }
        },
        "loc": {
          "start": {
            "line": 1,
            "column": 677
          },
          "end": {
            "line": 1,
            "column": 690
          }
        },
        "line": 1
      },
      "6": {
        "name": "(anonymous_6)",
        "decl": {
          "start": {
            "line": 1,
            "column": 719
          },
          "end": {
            "line": 1,
            "column": 720
          }
        },
        "loc": {
          "start": {
            "line": 1,
            "column": 730
          },
          "end": {
            "line": 1,
            "column": 825
          }
        },
        "line": 1
      },
      "7": {
        "name": "(anonymous_7)",
        "decl": {
          "start": {
            "line": 1,
            "column": 753
          },
          "end": {
            "line": 1,
            "column": 754
          }
        },
        "loc": {
          "start": {
            "line": 1,
            "column": 763
          },
          "end": {
            "line": 1,
            "column": 781
          }
        },
        "line": 1
      },
      "8": {
        "name": "(anonymous_8)",
        "decl": {
          "start": {
            "line": 1,
            "column": 782
          },
          "end": {
            "line": 1,
            "column": 783
          }
        },
        "loc": {
          "start": {
            "line": 1,
            "column": 792
          },
          "end": {
            "line": 1,
            "column": 802
          }
        },
        "line": 1
      },
      "9": {
        "name": "(anonymous_9)",
        "decl": {
          "start": {
            "line": 1,
            "column": 830
          },
          "end": {
            "line": 1,
            "column": 831
          }
        },
        "loc": {
          "start": {
            "line": 1,
            "column": 843
          },
          "end": {
            "line": 1,
            "column": 893
          }
        },
        "line": 1
      },
      "10": {
        "name": "(anonymous_10)",
        "decl": {
          "start": {
            "line": 1,
            "column": 912
          },
          "end": {
            "line": 1,
            "column": 913
          }
        },
        "loc": {
          "start": {
            "line": 1,
            "column": 925
          },
          "end": {
            "line": 1,
            "column": 952
          }
        },
        "line": 1
      },
      "11": {
        "name": "(anonymous_11)",
        "decl": {
          "start": {
            "line": 1,
            "column": 953
          },
          "end": {
            "line": 1,
            "column": 954
          }
        },
        "loc": {
          "start": {
            "line": 1,
            "column": 966
          },
          "end": {
            "line": 1,
            "column": 996
          }
        },
        "line": 1
      },
      "12": {
        "name": "(anonymous_12)",
        "decl": {
          "start": {
            "line": 1,
            "column": 997
          },
          "end": {
            "line": 1,
            "column": 998
          }
        },
        "loc": {
          "start": {
            "line": 1,
            "column": 1010
          },
          "end": {
            "line": 1,
            "column": 1042
          }
        },
        "line": 1
      },
      "13": {
        "name": "(anonymous_13)",
        "decl": {
          "start": {
            "line": 1,
            "column": 1043
          },
          "end": {
            "line": 1,
            "column": 1044
          }
        },
        "loc": {
          "start": {
            "line": 1,
            "column": 1056
          },
          "end": {
            "line": 1,
            "column": 1095
          }
        },
        "line": 1
      },
      "14": {
        "name": "(anonymous_14)",
        "decl": {
          "start": {
            "line": 1,
            "column": 1096
          },
          "end": {
            "line": 1,
            "column": 1097
          }
        },
        "loc": {
          "start": {
            "line": 1,
            "column": 1111
          },
          "end": {
            "line": 1,
            "column": 7960
          }
        },
        "line": 1
      },
      "15": {
        "name": "(anonymous_15)",
        "decl": {
          "start": {
            "line": 1,
            "column": 1214
          },
          "end": {
            "line": 1,
            "column": 1215
          }
        },
        "loc": {
          "start": {
            "line": 1,
            "column": 1225
          },
          "end": {
            "line": 1,
            "column": 1302
          }
        },
        "line": 1
      },
      "16": {
        "name": "(anonymous_16)",
        "decl": {
          "start": {
            "line": 1,
            "column": 1314
          },
          "end": {
            "line": 1,
            "column": 1315
          }
        },
        "loc": {
          "start": {
            "line": 1,
            "column": 1325
          },
          "end": {
            "line": 1,
            "column": 2460
          }
        },
        "line": 1
      },
      "17": {
        "name": "(anonymous_17)",
        "decl": {
          "start": {
            "line": 1,
            "column": 2472
          },
          "end": {
            "line": 1,
            "column": 2473
          }
        },
        "loc": {
          "start": {
            "line": 1,
            "column": 2483
          },
          "end": {
            "line": 1,
            "column": 2540
          }
        },
        "line": 1
      },
      "18": {
        "name": "(anonymous_18)",
        "decl": {
          "start": {
            "line": 1,
            "column": 2552
          },
          "end": {
            "line": 1,
            "column": 2553
          }
        },
        "loc": {
          "start": {
            "line": 1,
            "column": 2563
          },
          "end": {
            "line": 1,
            "column": 3120
          }
        },
        "line": 1
      },
      "19": {
        "name": "(anonymous_19)",
        "decl": {
          "start": {
            "line": 1,
            "column": 3132
          },
          "end": {
            "line": 1,
            "column": 3133
          }
        },
        "loc": {
          "start": {
            "line": 1,
            "column": 3143
          },
          "end": {
            "line": 1,
            "column": 3400
          }
        },
        "line": 1
      },
      "20": {
        "name": "(anonymous_20)",
        "decl": {
          "start": {
            "line": 1,
            "column": 3412
          },
          "end": {
            "line": 1,
            "column": 3413
          }
        },
        "loc": {
          "start": {
            "line": 1,
            "column": 3423
          },
          "end": {
            "line": 1,
            "column": 3460
          }
        },
        "line": 1
      },
      "21": {
        "name": "(anonymous_21)",
        "decl": {
          "start": {
            "line": 1,
            "column": 3472
          },
          "end": {
            "line": 1,
            "column": 3473
          }
        },
        "loc": {
          "start": {
            "line": 1,
            "column": 3483
          },
          "end": {
            "line": 1,
            "column": 3500
          }
        },
        "line": 1
      },
      "22": {
        "name": "(anonymous_22)",
        "decl": {
          "start": {
            "line": 1,
            "column": 3512
          },
          "end": {
            "line": 1,
            "column": 3513
          }
        },
        "loc": {
          "start": {
            "line": 1,
            "column": 3523
          },
          "end": {
            "line": 1,
            "column": 3684
          }
        },
        "line": 1
      },
      "23": {
        "name": "(anonymous_23)",
        "decl": {
          "start": {
            "line": 1,
            "column": 3696
          },
          "end": {
            "line": 1,
            "column": 3697
          }
        },
        "loc": {
          "start": {
            "line": 1,
            "column": 3707
          },
          "end": {
            "line": 1,
            "column": 3753
          }
        },
        "line": 1
      },
      "24": {
        "name": "(anonymous_24)",
        "decl": {
          "start": {
            "line": 1,
            "column": 3765
          },
          "end": {
            "line": 1,
            "column": 3766
          }
        },
        "loc": {
          "start": {
            "line": 1,
            "column": 3776
          },
          "end": {
            "line": 1,
            "column": 3847
          }
        },
        "line": 1
      },
      "25": {
        "name": "(anonymous_25)",
        "decl": {
          "start": {
            "line": 1,
            "column": 3859
          },
          "end": {
            "line": 1,
            "column": 3860
          }
        },
        "loc": {
          "start": {
            "line": 1,
            "column": 3870
          },
          "end": {
            "line": 1,
            "column": 3927
          }
        },
        "line": 1
      },
      "26": {
        "name": "(anonymous_26)",
        "decl": {
          "start": {
            "line": 1,
            "column": 3947
          },
          "end": {
            "line": 1,
            "column": 3948
          }
        },
        "loc": {
          "start": {
            "line": 1,
            "column": 3963
          },
          "end": {
            "line": 1,
            "column": 3985
          }
        },
        "line": 1
      },
      "27": {
        "name": "(anonymous_27)",
        "decl": {
          "start": {
            "line": 1,
            "column": 3985
          },
          "end": {
            "line": 1,
            "column": 3986
          }
        },
        "loc": {
          "start": {
            "line": 1,
            "column": 4000
          },
          "end": {
            "line": 1,
            "column": 4043
          }
        },
        "line": 1
      },
      "28": {
        "name": "(anonymous_28)",
        "decl": {
          "start": {
            "line": 1,
            "column": 4043
          },
          "end": {
            "line": 1,
            "column": 4044
          }
        },
        "loc": {
          "start": {
            "line": 1,
            "column": 4053
          },
          "end": {
            "line": 1,
            "column": 4180
          }
        },
        "line": 1
      },
      "29": {
        "name": "(anonymous_29)",
        "decl": {
          "start": {
            "line": 1,
            "column": 4118
          },
          "end": {
            "line": 1,
            "column": 4119
          }
        },
        "loc": {
          "start": {
            "line": 1,
            "column": 4121
          },
          "end": {
            "line": 1,
            "column": 4178
          }
        },
        "line": 1
      },
      "30": {
        "name": "(anonymous_30)",
        "decl": {
          "start": {
            "line": 1,
            "column": 4180
          },
          "end": {
            "line": 1,
            "column": 4181
          }
        },
        "loc": {
          "start": {
            "line": 1,
            "column": 4196
          },
          "end": {
            "line": 1,
            "column": 4216
          }
        },
        "line": 1
      },
      "31": {
        "name": "(anonymous_31)",
        "decl": {
          "start": {
            "line": 1,
            "column": 4216
          },
          "end": {
            "line": 1,
            "column": 4217
          }
        },
        "loc": {
          "start": {
            "line": 1,
            "column": 4230
          },
          "end": {
            "line": 1,
            "column": 4246
          }
        },
        "line": 1
      },
      "32": {
        "name": "(anonymous_32)",
        "decl": {
          "start": {
            "line": 1,
            "column": 4255
          },
          "end": {
            "line": 1,
            "column": 4256
          }
        },
        "loc": {
          "start": {
            "line": 1,
            "column": 4269
          },
          "end": {
            "line": 1,
            "column": 4285
          }
        },
        "line": 1
      },
      "33": {
        "name": "(anonymous_33)",
        "decl": {
          "start": {
            "line": 1,
            "column": 4285
          },
          "end": {
            "line": 1,
            "column": 4286
          }
        },
        "loc": {
          "start": {
            "line": 1,
            "column": 4294
          },
          "end": {
            "line": 1,
            "column": 4347
          }
        },
        "line": 1
      },
      "34": {
        "name": "(anonymous_34)",
        "decl": {
          "start": {
            "line": 1,
            "column": 4314
          },
          "end": {
            "line": 1,
            "column": 4315
          }
        },
        "loc": {
          "start": {
            "line": 1,
            "column": 4317
          },
          "end": {
            "line": 1,
            "column": 4345
          }
        },
        "line": 1
      },
      "35": {
        "name": "(anonymous_35)",
        "decl": {
          "start": {
            "line": 1,
            "column": 4356
          },
          "end": {
            "line": 1,
            "column": 4357
          }
        },
        "loc": {
          "start": {
            "line": 1,
            "column": 4370
          },
          "end": {
            "line": 1,
            "column": 4386
          }
        },
        "line": 1
      },
      "36": {
        "name": "(anonymous_36)",
        "decl": {
          "start": {
            "line": 1,
            "column": 4386
          },
          "end": {
            "line": 1,
            "column": 4387
          }
        },
        "loc": {
          "start": {
            "line": 1,
            "column": 4395
          },
          "end": {
            "line": 1,
            "column": 5032
          }
        },
        "line": 1
      },
      "37": {
        "name": "(anonymous_37)",
        "decl": {
          "start": {
            "line": 1,
            "column": 4423
          },
          "end": {
            "line": 1,
            "column": 4424
          }
        },
        "loc": {
          "start": {
            "line": 1,
            "column": 4426
          },
          "end": {
            "line": 1,
            "column": 4462
          }
        },
        "line": 1
      },
      "38": {
        "name": "(anonymous_38)",
        "decl": {
          "start": {
            "line": 1,
            "column": 4483
          },
          "end": {
            "line": 1,
            "column": 4484
          }
        },
        "loc": {
          "start": {
            "line": 1,
            "column": 4486
          },
          "end": {
            "line": 1,
            "column": 4514
          }
        },
        "line": 1
      },
      "39": {
        "name": "(anonymous_39)",
        "decl": {
          "start": {
            "line": 1,
            "column": 4533
          },
          "end": {
            "line": 1,
            "column": 4534
          }
        },
        "loc": {
          "start": {
            "line": 1,
            "column": 4536
          },
          "end": {
            "line": 1,
            "column": 4570
          }
        },
        "line": 1
      },
      "40": {
        "name": "(anonymous_40)",
        "decl": {
          "start": {
            "line": 1,
            "column": 4591
          },
          "end": {
            "line": 1,
            "column": 4592
          }
        },
        "loc": {
          "start": {
            "line": 1,
            "column": 4594
          },
          "end": {
            "line": 1,
            "column": 4622
          }
        },
        "line": 1
      },
      "41": {
        "name": "(anonymous_41)",
        "decl": {
          "start": {
            "line": 1,
            "column": 4651
          },
          "end": {
            "line": 1,
            "column": 4652
          }
        },
        "loc": {
          "start": {
            "line": 1,
            "column": 4654
          },
          "end": {
            "line": 1,
            "column": 4685
          }
        },
        "line": 1
      },
      "42": {
        "name": "(anonymous_42)",
        "decl": {
          "start": {
            "line": 1,
            "column": 4716
          },
          "end": {
            "line": 1,
            "column": 4717
          }
        },
        "loc": {
          "start": {
            "line": 1,
            "column": 4719
          },
          "end": {
            "line": 1,
            "column": 4756
          }
        },
        "line": 1
      },
      "43": {
        "name": "(anonymous_43)",
        "decl": {
          "start": {
            "line": 1,
            "column": 4787
          },
          "end": {
            "line": 1,
            "column": 4788
          }
        },
        "loc": {
          "start": {
            "line": 1,
            "column": 4790
          },
          "end": {
            "line": 1,
            "column": 4827
          }
        },
        "line": 1
      },
      "44": {
        "name": "(anonymous_44)",
        "decl": {
          "start": {
            "line": 1,
            "column": 4855
          },
          "end": {
            "line": 1,
            "column": 4856
          }
        },
        "loc": {
          "start": {
            "line": 1,
            "column": 4858
          },
          "end": {
            "line": 1,
            "column": 4892
          }
        },
        "line": 1
      },
      "45": {
        "name": "(anonymous_45)",
        "decl": {
          "start": {
            "line": 1,
            "column": 4923
          },
          "end": {
            "line": 1,
            "column": 4924
          }
        },
        "loc": {
          "start": {
            "line": 1,
            "column": 4926
          },
          "end": {
            "line": 1,
            "column": 4963
          }
        },
        "line": 1
      },
      "46": {
        "name": "(anonymous_46)",
        "decl": {
          "start": {
            "line": 1,
            "column": 4983
          },
          "end": {
            "line": 1,
            "column": 4984
          }
        },
        "loc": {
          "start": {
            "line": 1,
            "column": 4986
          },
          "end": {
            "line": 1,
            "column": 5030
          }
        },
        "line": 1
      },
      "47": {
        "name": "(anonymous_47)",
        "decl": {
          "start": {
            "line": 1,
            "column": 5041
          },
          "end": {
            "line": 1,
            "column": 5042
          }
        },
        "loc": {
          "start": {
            "line": 1,
            "column": 5061
          },
          "end": {
            "line": 1,
            "column": 5063
          }
        },
        "line": 1
      },
      "48": {
        "name": "(anonymous_48)",
        "decl": {
          "start": {
            "line": 1,
            "column": 5063
          },
          "end": {
            "line": 1,
            "column": 5064
          }
        },
        "loc": {
          "start": {
            "line": 1,
            "column": 5075
          },
          "end": {
            "line": 1,
            "column": 5077
          }
        },
        "line": 1
      },
      "49": {
        "name": "(anonymous_49)",
        "decl": {
          "start": {
            "line": 1,
            "column": 5077
          },
          "end": {
            "line": 1,
            "column": 5078
          }
        },
        "loc": {
          "start": {
            "line": 1,
            "column": 5095
          },
          "end": {
            "line": 1,
            "column": 5097
          }
        },
        "line": 1
      },
      "50": {
        "name": "(anonymous_50)",
        "decl": {
          "start": {
            "line": 1,
            "column": 5097
          },
          "end": {
            "line": 1,
            "column": 5098
          }
        },
        "loc": {
          "start": {
            "line": 1,
            "column": 5109
          },
          "end": {
            "line": 1,
            "column": 5111
          }
        },
        "line": 1
      },
      "51": {
        "name": "(anonymous_51)",
        "decl": {
          "start": {
            "line": 1,
            "column": 5111
          },
          "end": {
            "line": 1,
            "column": 5112
          }
        },
        "loc": {
          "start": {
            "line": 1,
            "column": 5126
          },
          "end": {
            "line": 1,
            "column": 5128
          }
        },
        "line": 1
      },
      "52": {
        "name": "(anonymous_52)",
        "decl": {
          "start": {
            "line": 1,
            "column": 5128
          },
          "end": {
            "line": 1,
            "column": 5129
          }
        },
        "loc": {
          "start": {
            "line": 1,
            "column": 5149
          },
          "end": {
            "line": 1,
            "column": 5151
          }
        },
        "line": 1
      },
      "53": {
        "name": "(anonymous_53)",
        "decl": {
          "start": {
            "line": 1,
            "column": 5151
          },
          "end": {
            "line": 1,
            "column": 5152
          }
        },
        "loc": {
          "start": {
            "line": 1,
            "column": 5172
          },
          "end": {
            "line": 1,
            "column": 5174
          }
        },
        "line": 1
      },
      "54": {
        "name": "(anonymous_54)",
        "decl": {
          "start": {
            "line": 1,
            "column": 5174
          },
          "end": {
            "line": 1,
            "column": 5175
          }
        },
        "loc": {
          "start": {
            "line": 1,
            "column": 5192
          },
          "end": {
            "line": 1,
            "column": 5194
          }
        },
        "line": 1
      },
      "55": {
        "name": "(anonymous_55)",
        "decl": {
          "start": {
            "line": 1,
            "column": 5194
          },
          "end": {
            "line": 1,
            "column": 5195
          }
        },
        "loc": {
          "start": {
            "line": 1,
            "column": 5215
          },
          "end": {
            "line": 1,
            "column": 5217
          }
        },
        "line": 1
      },
      "56": {
        "name": "(anonymous_56)",
        "decl": {
          "start": {
            "line": 1,
            "column": 5226
          },
          "end": {
            "line": 1,
            "column": 5227
          }
        },
        "loc": {
          "start": {
            "line": 1,
            "column": 5238
          },
          "end": {
            "line": 1,
            "column": 5240
          }
        },
        "line": 1
      },
      "57": {
        "name": "(anonymous_57)",
        "decl": {
          "start": {
            "line": 1,
            "column": 5269
          },
          "end": {
            "line": 1,
            "column": 5270
          }
        },
        "loc": {
          "start": {
            "line": 1,
            "column": 5273
          },
          "end": {
            "line": 1,
            "column": 7958
          }
        },
        "line": 1
      },
      "58": {
        "name": "(anonymous_58)",
        "decl": {
          "start": {
            "line": 1,
            "column": 5294
          },
          "end": {
            "line": 1,
            "column": 5295
          }
        },
        "loc": {
          "start": {
            "line": 1,
            "column": 5298
          },
          "end": {
            "line": 1,
            "column": 7956
          }
        },
        "line": 1
      },
      "59": {
        "name": "(anonymous_59)",
        "decl": {
          "start": {
            "line": 1,
            "column": 5359
          },
          "end": {
            "line": 1,
            "column": 5360
          }
        },
        "loc": {
          "start": {
            "line": 1,
            "column": 5362
          },
          "end": {
            "line": 1,
            "column": 5596
          }
        },
        "line": 1
      },
      "60": {
        "name": "(anonymous_60)",
        "decl": {
          "start": {
            "line": 1,
            "column": 5494
          },
          "end": {
            "line": 1,
            "column": 5495
          }
        },
        "loc": {
          "start": {
            "line": 1,
            "column": 5498
          },
          "end": {
            "line": 1,
            "column": 5549
          }
        },
        "line": 1
      },
      "61": {
        "name": "(anonymous_61)",
        "decl": {
          "start": {
            "line": 1,
            "column": 5656
          },
          "end": {
            "line": 1,
            "column": 5657
          }
        },
        "loc": {
          "start": {
            "line": 1,
            "column": 5659
          },
          "end": {
            "line": 1,
            "column": 5871
          }
        },
        "line": 1
      },
      "62": {
        "name": "(anonymous_62)",
        "decl": {
          "start": {
            "line": 1,
            "column": 5731
          },
          "end": {
            "line": 1,
            "column": 5732
          }
        },
        "loc": {
          "start": {
            "line": 1,
            "column": 5735
          },
          "end": {
            "line": 1,
            "column": 5865
          }
        },
        "line": 1
      },
      "63": {
        "name": "(anonymous_63)",
        "decl": {
          "start": {
            "line": 1,
            "column": 5901
          },
          "end": {
            "line": 1,
            "column": 5902
          }
        },
        "loc": {
          "start": {
            "line": 1,
            "column": 5904
          },
          "end": {
            "line": 1,
            "column": 6043
          }
        },
        "line": 1
      },
      "64": {
        "name": "(anonymous_64)",
        "decl": {
          "start": {
            "line": 1,
            "column": 5982
          },
          "end": {
            "line": 1,
            "column": 5983
          }
        },
        "loc": {
          "start": {
            "line": 1,
            "column": 5986
          },
          "end": {
            "line": 1,
            "column": 6037
          }
        },
        "line": 1
      },
      "65": {
        "name": "(anonymous_65)",
        "decl": {
          "start": {
            "line": 1,
            "column": 6087
          },
          "end": {
            "line": 1,
            "column": 6088
          }
        },
        "loc": {
          "start": {
            "line": 1,
            "column": 6090
          },
          "end": {
            "line": 1,
            "column": 6211
          }
        },
        "line": 1
      },
      "66": {
        "name": "(anonymous_66)",
        "decl": {
          "start": {
            "line": 1,
            "column": 6150
          },
          "end": {
            "line": 1,
            "column": 6151
          }
        },
        "loc": {
          "start": {
            "line": 1,
            "column": 6154
          },
          "end": {
            "line": 1,
            "column": 6205
          }
        },
        "line": 1
      },
      "67": {
        "name": "(anonymous_67)",
        "decl": {
          "start": {
            "line": 1,
            "column": 6266
          },
          "end": {
            "line": 1,
            "column": 6267
          }
        },
        "loc": {
          "start": {
            "line": 1,
            "column": 6269
          },
          "end": {
            "line": 1,
            "column": 6428
          }
        },
        "line": 1
      },
      "68": {
        "name": "(anonymous_68)",
        "decl": {
          "start": {
            "line": 1,
            "column": 6349
          },
          "end": {
            "line": 1,
            "column": 6350
          }
        },
        "loc": {
          "start": {
            "line": 1,
            "column": 6353
          },
          "end": {
            "line": 1,
            "column": 6422
          }
        },
        "line": 1
      },
      "69": {
        "name": "(anonymous_69)",
        "decl": {
          "start": {
            "line": 1,
            "column": 6492
          },
          "end": {
            "line": 1,
            "column": 6493
          }
        },
        "loc": {
          "start": {
            "line": 1,
            "column": 6495
          },
          "end": {
            "line": 1,
            "column": 6700
          }
        },
        "line": 1
      },
      "70": {
        "name": "(anonymous_70)",
        "decl": {
          "start": {
            "line": 1,
            "column": 6575
          },
          "end": {
            "line": 1,
            "column": 6576
          }
        },
        "loc": {
          "start": {
            "line": 1,
            "column": 6579
          },
          "end": {
            "line": 1,
            "column": 6694
          }
        },
        "line": 1
      },
      "71": {
        "name": "(anonymous_71)",
        "decl": {
          "start": {
            "line": 1,
            "column": 6769
          },
          "end": {
            "line": 1,
            "column": 6770
          }
        },
        "loc": {
          "start": {
            "line": 1,
            "column": 6772
          },
          "end": {
            "line": 1,
            "column": 6992
          }
        },
        "line": 1
      },
      "72": {
        "name": "(anonymous_72)",
        "decl": {
          "start": {
            "line": 1,
            "column": 6852
          },
          "end": {
            "line": 1,
            "column": 6853
          }
        },
        "loc": {
          "start": {
            "line": 1,
            "column": 6856
          },
          "end": {
            "line": 1,
            "column": 6986
          }
        },
        "line": 1
      },
      "73": {
        "name": "(anonymous_73)",
        "decl": {
          "start": {
            "line": 1,
            "column": 7061
          },
          "end": {
            "line": 1,
            "column": 7062
          }
        },
        "loc": {
          "start": {
            "line": 1,
            "column": 7064
          },
          "end": {
            "line": 1,
            "column": 7347
          }
        },
        "line": 1
      },
      "74": {
        "name": "(anonymous_74)",
        "decl": {
          "start": {
            "line": 1,
            "column": 7166
          },
          "end": {
            "line": 1,
            "column": 7167
          }
        },
        "loc": {
          "start": {
            "line": 1,
            "column": 7170
          },
          "end": {
            "line": 1,
            "column": 7341
          }
        },
        "line": 1
      },
      "75": {
        "name": "(anonymous_75)",
        "decl": {
          "start": {
            "line": 1,
            "column": 7391
          },
          "end": {
            "line": 1,
            "column": 7392
          }
        },
        "loc": {
          "start": {
            "line": 1,
            "column": 7394
          },
          "end": {
            "line": 1,
            "column": 7524
          }
        },
        "line": 1
      },
      "76": {
        "name": "(anonymous_76)",
        "decl": {
          "start": {
            "line": 1,
            "column": 7463
          },
          "end": {
            "line": 1,
            "column": 7464
          }
        },
        "loc": {
          "start": {
            "line": 1,
            "column": 7467
          },
          "end": {
            "line": 1,
            "column": 7518
          }
        },
        "line": 1
      },
      "77": {
        "name": "(anonymous_77)",
        "decl": {
          "start": {
            "line": 1,
            "column": 7571
          },
          "end": {
            "line": 1,
            "column": 7572
          }
        },
        "loc": {
          "start": {
            "line": 1,
            "column": 7574
          },
          "end": {
            "line": 1,
            "column": 7713
          }
        },
        "line": 1
      },
      "78": {
        "name": "(anonymous_78)",
        "decl": {
          "start": {
            "line": 1,
            "column": 7649
          },
          "end": {
            "line": 1,
            "column": 7650
          }
        },
        "loc": {
          "start": {
            "line": 1,
            "column": 7653
          },
          "end": {
            "line": 1,
            "column": 7707
          }
        },
        "line": 1
      },
      "79": {
        "name": "(anonymous_79)",
        "decl": {
          "start": {
            "line": 1,
            "column": 7767
          },
          "end": {
            "line": 1,
            "column": 7768
          }
        },
        "loc": {
          "start": {
            "line": 1,
            "column": 7770
          },
          "end": {
            "line": 1,
            "column": 7954
          }
        },
        "line": 1
      },
      "80": {
        "name": "(anonymous_80)",
        "decl": {
          "start": {
            "line": 1,
            "column": 7875
          },
          "end": {
            "line": 1,
            "column": 7876
          }
        },
        "loc": {
          "start": {
            "line": 1,
            "column": 7879
          },
          "end": {
            "line": 1,
            "column": 7948
          }
        },
        "line": 1
      }
    },
    "branchMap": {
      "0": {
        "loc": {
          "start": {
            "line": 1,
            "column": 36
          },
          "end": {
            "line": 1,
            "column": 64
          }
        },
        "type": "if",
        "locations": [
          {
            "start": {
              "line": 1,
              "column": 36
            },
            "end": {
              "line": 1,
              "column": 64
            }
          },
          {
            "start": {
              "line": 1,
              "column": 36
            },
            "end": {
              "line": 1,
              "column": 64
            }
          }
        ],
        "line": 1
      },
      "1": {
        "loc": {
          "start": {
            "line": 1,
            "column": 188
          },
          "end": {
            "line": 1,
            "column": 246
          }
        },
        "type": "binary-expr",
        "locations": [
          {
            "start": {
              "line": 1,
              "column": 188
            },
            "end": {
              "line": 1,
              "column": 196
            }
          },
          {
            "start": {
              "line": 1,
              "column": 198
            },
            "end": {
              "line": 1,
              "column": 246
            }
          }
        ],
        "line": 1
      },
      "2": {
        "loc": {
          "start": {
            "line": 1,
            "column": 264
          },
          "end": {
            "line": 1,
            "column": 372
          }
        },
        "type": "binary-expr",
        "locations": [
          {
            "start": {
              "line": 1,
              "column": 264
            },
            "end": {
              "line": 1,
              "column": 290
            }
          },
          {
            "start": {
              "line": 1,
              "column": 292
            },
            "end": {
              "line": 1,
              "column": 310
            }
          },
          {
            "start": {
              "line": 1,
              "column": 312
            },
            "end": {
              "line": 1,
              "column": 372
            }
          }
        ],
        "line": 1
      },
      "3": {
        "loc": {
          "start": {
            "line": 1,
            "column": 441
          },
          "end": {
            "line": 1,
            "column": 471
          }
        },
        "type": "if",
        "locations": [
          {
            "start": {
              "line": 1,
              "column": 441
            },
            "end": {
              "line": 1,
              "column": 471
            }
          },
          {
            "start": {
              "line": 1,
              "column": 441
            },
            "end": {
              "line": 1,
              "column": 471
            }
          }
        ],
        "line": 1
      },
      "4": {
        "loc": {
          "start": {
            "line": 1,
            "column": 444
          },
          "end": {
            "line": 1,
            "column": 457
          }
        },
        "type": "binary-expr",
        "locations": [
          {
            "start": {
              "line": 1,
              "column": 444
            },
            "end": {
              "line": 1,
              "column": 447
            }
          },
          {
            "start": {
              "line": 1,
              "column": 450
            },
            "end": {
              "line": 1,
              "column": 456
            }
          }
        ],
        "line": 1
      },
      "5": {
        "loc": {
          "start": {
            "line": 1,
            "column": 471
          },
          "end": {
            "line": 1,
            "column": 524
          }
        },
        "type": "if",
        "locations": [
          {
            "start": {
              "line": 1,
              "column": 471
            },
            "end": {
              "line": 1,
              "column": 524
            }
          },
          {
            "start": {
              "line": 1,
              "column": 471
            },
            "end": {
              "line": 1,
              "column": 524
            }
          }
        ],
        "line": 1
      },
      "6": {
        "loc": {
          "start": {
            "line": 1,
            "column": 474
          },
          "end": {
            "line": 1,
            "column": 514
          }
        },
        "type": "binary-expr",
        "locations": [
          {
            "start": {
              "line": 1,
              "column": 474
            },
            "end": {
              "line": 1,
              "column": 477
            }
          },
          {
            "start": {
              "line": 1,
              "column": 479
            },
            "end": {
              "line": 1,
              "column": 497
            }
          },
          {
            "start": {
              "line": 1,
              "column": 499
            },
            "end": {
              "line": 1,
              "column": 500
            }
          },
          {
            "start": {
              "line": 1,
              "column": 502
            },
            "end": {
              "line": 1,
              "column": 514
            }
          }
        ],
        "line": 1
      },
      "7": {
        "loc": {
          "start": {
            "line": 1,
            "column": 550
          },
          "end": {
            "line": 1,
            "column": 705
          }
        },
        "type": "if",
        "locations": [
          {
            "start": {
              "line": 1,
              "column": 550
            },
            "end": {
              "line": 1,
              "column": 705
            }
          },
          {
            "start": {
              "line": 1,
              "column": 550
            },
            "end": {
              "line": 1,
              "column": 705
            }
          }
        ],
        "line": 1
      },
      "8": {
        "loc": {
          "start": {
            "line": 1,
            "column": 619
          },
          "end": {
            "line": 1,
            "column": 642
          }
        },
        "type": "binary-expr",
        "locations": [
          {
            "start": {
              "line": 1,
              "column": 619
            },
            "end": {
              "line": 1,
              "column": 622
            }
          },
          {
            "start": {
              "line": 1,
              "column": 624
            },
            "end": {
              "line": 1,
              "column": 642
            }
          }
        ],
        "line": 1
      },
      "9": {
        "loc": {
          "start": {
            "line": 1,
            "column": 737
          },
          "end": {
            "line": 1,
            "column": 802
          }
        },
        "type": "cond-expr",
        "locations": [
          {
            "start": {
              "line": 1,
              "column": 753
            },
            "end": {
              "line": 1,
              "column": 781
            }
          },
          {
            "start": {
              "line": 1,
              "column": 782
            },
            "end": {
              "line": 1,
              "column": 802
            }
          }
        ],
        "line": 1
      },
      "10": {
        "loc": {
          "start": {
            "line": 1,
            "column": 737
          },
          "end": {
            "line": 1,
            "column": 752
          }
        },
        "type": "binary-expr",
        "locations": [
          {
            "start": {
              "line": 1,
              "column": 737
            },
            "end": {
              "line": 1,
              "column": 738
            }
          },
          {
            "start": {
              "line": 1,
              "column": 740
            },
            "end": {
              "line": 1,
              "column": 752
            }
          }
        ],
        "line": 1
      },
      "11": {
        "loc": {
          "start": {
            "line": 1,
            "column": 1303
          },
          "end": {
            "line": 1,
            "column": 1312
          }
        },
        "type": "binary-expr",
        "locations": [
          {
            "start": {
              "line": 1,
              "column": 1303
            },
            "end": {
              "line": 1,
              "column": 1304
            }
          },
          {
            "start": {
              "line": 1,
              "column": 1307
            },
            "end": {
              "line": 1,
              "column": 1311
            }
          }
        ],
        "line": 1
      },
      "12": {
        "loc": {
          "start": {
            "line": 1,
            "column": 2461
          },
          "end": {
            "line": 1,
            "column": 2470
          }
        },
        "type": "binary-expr",
        "locations": [
          {
            "start": {
              "line": 1,
              "column": 2461
            },
            "end": {
              "line": 1,
              "column": 2462
            }
          },
          {
            "start": {
              "line": 1,
              "column": 2465
            },
            "end": {
              "line": 1,
              "column": 2469
            }
          }
        ],
        "line": 1
      },
      "13": {
        "loc": {
          "start": {
            "line": 1,
            "column": 2541
          },
          "end": {
            "line": 1,
            "column": 2550
          }
        },
        "type": "binary-expr",
        "locations": [
          {
            "start": {
              "line": 1,
              "column": 2541
            },
            "end": {
              "line": 1,
              "column": 2542
            }
          },
          {
            "start": {
              "line": 1,
              "column": 2545
            },
            "end": {
              "line": 1,
              "column": 2549
            }
          }
        ],
        "line": 1
      },
      "14": {
        "loc": {
          "start": {
            "line": 1,
            "column": 3121
          },
          "end": {
            "line": 1,
            "column": 3130
          }
        },
        "type": "binary-expr",
        "locations": [
          {
            "start": {
              "line": 1,
              "column": 3121
            },
            "end": {
              "line": 1,
              "column": 3122
            }
          },
          {
            "start": {
              "line": 1,
              "column": 3125
            },
            "end": {
              "line": 1,
              "column": 3129
            }
          }
        ],
        "line": 1
      },
      "15": {
        "loc": {
          "start": {
            "line": 1,
            "column": 3401
          },
          "end": {
            "line": 1,
            "column": 3410
          }
        },
        "type": "binary-expr",
        "locations": [
          {
            "start": {
              "line": 1,
              "column": 3401
            },
            "end": {
              "line": 1,
              "column": 3402
            }
          },
          {
            "start": {
              "line": 1,
              "column": 3405
            },
            "end": {
              "line": 1,
              "column": 3409
            }
          }
        ],
        "line": 1
      },
      "16": {
        "loc": {
          "start": {
            "line": 1,
            "column": 3461
          },
          "end": {
            "line": 1,
            "column": 3470
          }
        },
        "type": "binary-expr",
        "locations": [
          {
            "start": {
              "line": 1,
              "column": 3461
            },
            "end": {
              "line": 1,
              "column": 3462
            }
          },
          {
            "start": {
              "line": 1,
              "column": 3465
            },
            "end": {
              "line": 1,
              "column": 3469
            }
          }
        ],
        "line": 1
      },
      "17": {
        "loc": {
          "start": {
            "line": 1,
            "column": 3501
          },
          "end": {
            "line": 1,
            "column": 3510
          }
        },
        "type": "binary-expr",
        "locations": [
          {
            "start": {
              "line": 1,
              "column": 3501
            },
            "end": {
              "line": 1,
              "column": 3502
            }
          },
          {
            "start": {
              "line": 1,
              "column": 3505
            },
            "end": {
              "line": 1,
              "column": 3509
            }
          }
        ],
        "line": 1
      },
      "18": {
        "loc": {
          "start": {
            "line": 1,
            "column": 3685
          },
          "end": {
            "line": 1,
            "column": 3694
          }
        },
        "type": "binary-expr",
        "locations": [
          {
            "start": {
              "line": 1,
              "column": 3685
            },
            "end": {
              "line": 1,
              "column": 3686
            }
          },
          {
            "start": {
              "line": 1,
              "column": 3689
            },
            "end": {
              "line": 1,
              "column": 3693
            }
          }
        ],
        "line": 1
      },
      "19": {
        "loc": {
          "start": {
            "line": 1,
            "column": 3754
          },
          "end": {
            "line": 1,
            "column": 3763
          }
        },
        "type": "binary-expr",
        "locations": [
          {
            "start": {
              "line": 1,
              "column": 3754
            },
            "end": {
              "line": 1,
              "column": 3755
            }
          },
          {
            "start": {
              "line": 1,
              "column": 3758
            },
            "end": {
              "line": 1,
              "column": 3762
            }
          }
        ],
        "line": 1
      },
      "20": {
        "loc": {
          "start": {
            "line": 1,
            "column": 3848
          },
          "end": {
            "line": 1,
            "column": 3857
          }
        },
        "type": "binary-expr",
        "locations": [
          {
            "start": {
              "line": 1,
              "column": 3848
            },
            "end": {
              "line": 1,
              "column": 3849
            }
          },
          {
            "start": {
              "line": 1,
              "column": 3852
            },
            "end": {
              "line": 1,
              "column": 3856
            }
          }
        ],
        "line": 1
      },
      "21": {
        "loc": {
          "start": {
            "line": 1,
            "column": 3928
          },
          "end": {
            "line": 1,
            "column": 3937
          }
        },
        "type": "binary-expr",
        "locations": [
          {
            "start": {
              "line": 1,
              "column": 3928
            },
            "end": {
              "line": 1,
              "column": 3929
            }
          },
          {
            "start": {
              "line": 1,
              "column": 3932
            },
            "end": {
              "line": 1,
              "column": 3936
            }
          }
        ],
        "line": 1
      },
      "22": {
        "loc": {
          "start": {
            "line": 1,
            "column": 5407
          },
          "end": {
            "line": 1,
            "column": 5428
          }
        },
        "type": "binary-expr",
        "locations": [
          {
            "start": {
              "line": 1,
              "column": 5407
            },
            "end": {
              "line": 1,
              "column": 5423
            }
          },
          {
            "start": {
              "line": 1,
              "column": 5425
            },
            "end": {
              "line": 1,
              "column": 5428
            }
          }
        ],
        "line": 1
      }
    },
    "s": {
      "0": 1,
      "1": 1,
      "2": 5,
      "3": 0,
      "4": 5,
      "5": 5,
      "6": 1,
      "7": 3,
      "8": 1,
      "9": 0,
      "10": 0,
      "11": 0,
      "12": 0,
      "13": 0,
      "14": 0,
      "15": 0,
      "16": 0,
      "17": 0,
      "18": 0,
      "19": 3,
      "20": 0,
      "21": 3,
      "22": 3,
      "23": 3,
      "24": 1,
      "25": 1,
      "26": 1,
      "27": 1,
      "28": 1,
      "29": 1,
      "30": 1,
      "31": 1,
      "32": 1,
      "33": 1,
      "34": 1,
      "35": 1,
      "36": 1,
      "37": 1,
      "38": 1,
      "39": 1,
      "40": 1,
      "41": 1,
      "42": 1,
      "43": 1,
      "44": 1,
      "45": 1,
      "46": 1,
      "47": 1,
      "48": 1,
      "49": 1,
      "50": 1,
      "51": 1,
      "52": 1,
      "53": 1,
      "54": 0,
      "55": 0,
      "56": 1,
      "57": 1,
      "58": 1,
      "59": 1,
      "60": 1,
      "61": 1,
      "62": 2,
      "63": 1,
      "64": 1,
      "65": 1,
      "66": 1,
      "67": 1,
      "68": 1,
      "69": 1,
      "70": 0,
      "71": 1,
      "72": 1,
      "73": 1,
      "74": 1,
      "75": 1,
      "76": 1,
      "77": 1,
      "78": 1,
      "79": 1,
      "80": 1,
      "81": 1,
      "82": 1,
      "83": 1,
      "84": 1,
      "85": 1,
      "86": 1,
      "87": 1,
      "88": 1,
      "89": 1,
      "90": 1,
      "91": 1,
      "92": 1,
      "93": 1,
      "94": 1,
      "95": 1,
      "96": 1,
      "97": 1,
      "98": 1,
      "99": 1,
      "100": 1,
      "101": 1,
      "102": 1,
      "103": 1,
      "104": 1,
      "105": 1,
      "106": 1,
      "107": 1,
      "108": 1,
      "109": 1,
      "110": 1,
      "111": 1
    },
    "f": {
      "0": 1,
      "1": 5,
      "2": 3,
      "3": 1,
      "4": 0,
      "5": 0,
      "6": 3,
      "7": 0,
      "8": 3,
      "9": 3,
      "10": 1,
      "11": 1,
      "12": 1,
      "13": 1,
      "14": 1,
      "15": 1,
      "16": 1,
      "17": 1,
      "18": 1,
      "19": 1,
      "20": 1,
      "21": 1,
      "22": 1,
      "23": 1,
      "24": 1,
      "25": 1,
      "26": 1,
      "27": 1,
      "28": 1,
      "29": 1,
      "30": 0,
      "31": 0,
      "32": 1,
      "33": 1,
      "34": 1,
      "35": 1,
      "36": 1,
      "37": 1,
      "38": 2,
      "39": 1,
      "40": 1,
      "41": 1,
      "42": 1,
      "43": 1,
      "44": 1,
      "45": 1,
      "46": 0,
      "47": 0,
      "48": 0,
      "49": 0,
      "50": 0,
      "51": 0,
      "52": 0,
      "53": 0,
      "54": 0,
      "55": 0,
      "56": 0,
      "57": 1,
      "58": 1,
      "59": 1,
      "60": 1,
      "61": 1,
      "62": 1,
      "63": 1,
      "64": 1,
      "65": 1,
      "66": 1,
      "67": 1,
      "68": 1,
      "69": 1,
      "70": 1,
      "71": 1,
      "72": 1,
      "73": 1,
      "74": 1,
      "75": 1,
      "76": 1,
      "77": 1,
      "78": 1,
      "79": 1,
      "80": 1
    },
    "b": {
      "0": [
        0,
        5
      ],
      "1": [
        3,
        3
      ],
      "2": [
        1,
        1,
        1
      ],
      "3": [
        0,
        0
      ],
      "4": [
        0,
        0
      ],
      "5": [
        0,
        0
      ],
      "6": [
        0,
        0,
        0,
        0
      ],
      "7": [
        0,
        0
      ],
      "8": [
        0,
        0
      ],
      "9": [
        0,
        3
      ],
      "10": [
        3,
        3
      ],
      "11": [
        1,
        1
      ],
      "12": [
        1,
        1
      ],
      "13": [
        1,
        1
      ],
      "14": [
        1,
        1
      ],
      "15": [
        1,
        1
      ],
      "16": [
        1,
        1
      ],
      "17": [
        1,
        1
      ],
      "18": [
        1,
        1
      ],
      "19": [
        1,
        1
      ],
      "20": [
        1,
        1
      ],
      "21": [
        1,
        1
      ],
      "22": [
        1,
        1
      ]
    },
    "_coverageSchema": "1a1c01bbd47fc00a2c39e90264f33305004495a9",
    "hash": "d4efdfd962e33d663a1e7770bd2805a2512e2129",
    "contentHash": "cdc4e8ab0bf8ccb91336bcefd6ea257349c503ffea67b6005def24680ca71270"
  }
}